<?xml version="1.0" encoding="UTF-8"?>
<!-- Generated by org.testng.reporters.JUnitReportReporter -->
<testsuite skipped="2" hostname="LPT-0748" name="com.qa.opencart.test.RegPageTest" tests="4" failures="0" timestamp="12 Nov 2022 03:10:00 GMT" time="9.065" errors="0">
  <testcase name="doRegisteredData" time="2.347" classname="com.qa.opencart.test.RegPageTest"/>
  <testcase name="getTitle" time="0.021" classname="com.qa.opencart.test.RegPageTest"/>
  <testcase name="doRegisteredData" time="3.107" classname="com.qa.opencart.test.RegPageTest">
    <skipped/>
  </testcase> <!-- doRegisteredData -->
  <testcase name="doRegisteredData" time="3.590" classname="com.qa.opencart.test.RegPageTest">
    <skipped/>
  </testcase> <!-- doRegisteredData -->
</testsuite> <!-- com.qa.opencart.test.RegPageTest -->
