<?xml version="1.0" encoding="UTF-8"?>
<!-- Generated by org.testng.reporters.JUnitReportReporter -->
<testsuite skipped="2" hostname="LPT-0748" name="com.qa.opencart.test.RegPageTest" tests="4" failures="0" timestamp="23 Nov 2022 01:26:15 GMT" time="8.737" errors="0">
  <testcase name="doRegisteredData" time="2.985" classname="com.qa.opencart.test.RegPageTest">
    <skipped/>
  </testcase> <!-- doRegisteredData -->
  <testcase name="getTitle" time="0.133" classname="com.qa.opencart.test.RegPageTest"/>
  <testcase name="doRegisteredData" time="3.314" classname="com.qa.opencart.test.RegPageTest">
    <skipped/>
  </testcase> <!-- doRegisteredData -->
  <testcase name="doRegisteredData" time="2.305" classname="com.qa.opencart.test.RegPageTest"/>
</testsuite> <!-- com.qa.opencart.test.RegPageTest -->
